489
404 190468940
77 934548743
463 906378231
404 683739566
393 303214695
404 584925792
393 970308290
394 32417001
43 742233522
394 312898243
127 348932174
426 506279975
393 707198724
97 453797538
394 757617379
395 326879549
64 767892921
126 192495921
396 108277381
394 550277739
394 604383606
391 510065470
477 517722603
393 607553798
463 822273645
392 95400308
470 393153637
158 869128456
421 224703139
416 408553706
394 618530333
395 379747051
394 208474380
100 582220264
392 933395947
392 90364868
39 245438548
392 695897120
62 751065652
393 867182868
125 933138487
392 487240127
37 395737801
430 764445359
392 297438640
393 435736989
410 846059404
395 222211149
392 833363062
395 782649179
236 57774055
389 377270794
391 42820745
230 732295038
394 227493592
391 521772050
394 928015913
394 603911757
394 801741030
34 695919630
478 214915067
394 894927732
392 677494093
394 703909724
130 389610906
434 866409225
392 29514735
142 944380478
7 66957524
96 52071031
391 516992757
393 567165262
151 248709405
423 841753013
393 658021625
391 49399283
433 982340678
392 863216607
8 468709259
62 751065652
435 572981012
392 249312054
116 825156763
394 331285734
393 942118754
393 148952485
395 604479420
402 698412670
394 669809893
393 326931655
429 882645016
393 877358725
478 288793927
392 794523752
430 622038251
454 721884192
99 860715418
100 346201752
394 926859566
151 248709405
391 725308222
409 696009070
421 605878921
167 304460949
394 385224907
167 304460949
392 686563071
394 304971406
391 635487840
232 486717660
394 512694335
453 974003328
117 437931899
417 965945579
394 858781345
442 170345335
234 862418175
392 951866957
35 871466335
453 870114056
393 558357253
467 602252853
391 447560083
392 278933879
393 529139155
453 958655337
129 938997505
100 346201752
118 363982399
394 563034087
416 405569098
395 283239900
402 831028720
158 593342586
64 316373484
408 589516204
390 782332958
389 274178022
394 473301197
395 807407193
195 890399492
393 101757693
395 400449708
429 982809981
394 794309637
194 262221487
391 458378847
404 723136351
395 377480009
393 664868105
418 372337088
394 482282863
395 708718946
411 94739606
411 217371300
394 534515502
395 446660903
7 66957524
403 699806617
394 313009098
417 179791419
402 522780314
396 286570237
391 785947723
34 695919630
393 711920150
391 722029315
393 895484618
210 875101768
151 248709405
395 97807826
177 715976607
388 486709116
169 822834182
2 3903
393 276746868
390 278168797
416 891334382
392 231788533
391 241321471
392 715939993
429 425733628
430 757006382
392 8507928
389 169883564
394 476382147
209 749670177
394 186541545
393 646067115
393 581788576
423 21844396
426 893079283
393 294719678
401 524751160
233 288334477
463 47008308
395 417424671
392 301802188
390 792817615
394 363934391
396 872555451
392 354094108
394 500134216
97 453797538
393 684865334
394 783855454
395 860759974
457 336923452
179 346731260
394 834682408
119 93087642
392 462756734
395 973982542
394 147527719
390 316179299
180 756359393
395 482365630
393 15012377
395 20131692
394 537769756
236 785274058
392 908883285
423 41680543
114 80361233
396 476442535
34 695919630
393 221578712
416 14474980
394 193166373
391 635378498
395 226063729
392 192317349
389 427479453
119 93087642
179 346731260
395 799545011
395 178280996
394 71741080
77 934548743
395 945559883
393 392225765
166 285771928
478 195798405
32 268623263
34 695919630
229 868685572
395 205317022
392 897417603
395 488604245
395 98738471
388 925868107
199 588774685
391 180320893
431 227737514
99 860715418
422 808064822
393 990342970
395 588382538
392 918395303
393 186140337
393 721237440
199 587254048
157 837648925
394 414118372
221 737938853
392 164415848
7 66957524
35 871437432
199 587254048
394 386774957
34 695919630
392 259081539
453 509182979
391 242694665
394 934888080
391 164998635
393 947876811
395 525834352
393 820694493
43 742233522
457 757753525
83 671001053
395 103834480
395 702641391
34 695919630
9 280971334
389 536269392
44 195800975
402 757896778
395 501647850
453 717186753
393 880478400
394 760826973
394 729066688
403 549663745
393 303833169
7 66957524
479 672147095
453 702213595
409 433981817
13 614756133
396 257967945
394 312529694
396 979951248
430 578608484
397 626706913
400 906542227
400 814777415
110 571636838
457 543832333
403 472160414
429 772513956
402 151846550
402 883806645
402 7527268
402 873571678
454 542051429
402 372058295
402 425288846
463 56644021
402 406199681
430 552489613
429 834440952
403 479047687
406 369854396
403 657890324
401 391781580
405 858877372
205 492569688
405 273190650
405 223287137
405 873962553
181 873217915
407 623942958
441 339861620
468 658642465
406 797716746
406 109197866
463 940638613
408 841221868
486 106097032
478 103885847
409 771084817
442 760238578
409 858243884
411 53671695
411 687493255
77 934548743
411 560995032
411 618251255
463 374115678
411 824599722
411 463484071
411 935674535
411 241007755
411 378340330
411 339668348
412 294461021
486 196359763
463 487602419
414 698377962
415 504234634
415 835928262
416 188565738
416 959479351
169 822834182
167 304460949
66 556209087
443 673248542
420 679082905
422 980478303
162 865369004
35 871437432
424 999793565
423 38847375
426 465859449
478 325253372
426 127563294
426 680499363
426 551051818
429 455685375
429 830811792
429 456696690
428 958000406
430 928690021
430 678336405
430 925861107
430 658534007
430 787244321
430 688216512
431 41141244
432 721294335
457 874434853
432 838300636
101 740933766
434 516944637
435 735179933
454 829708339
435 454649856
119 93087642
434 106136778
435 365429469
457 442920826
438 456882672
438 31920802
439 266848676
440 464923166
441 743868778
100 346201752
442 14613745
442 842689870
4 195134
443 367898591
443 398007478
443 608769687
442 440586393
64 767892921
443 738801478
443 30238654
442 351963071
444 172959850
446 621725266
450 684401195
450 400735917
452 790431157
453 650780262
453 714722451
453 162317767
453 295485007
453 227655680
453 752850398
453 429213396
453 163754396
453 305541410
454 849606354
457 33241342
457 735294575
457 649667171
457 50275343
457 854532582
457 484333213
458 798366893
458 819984215
463 48753723
460 925983948
461 896849579
463 311725632
463 683644304
463 287074987
463 511089789
463 79193389
463 55918610
463 892995164
463 752531000
463 769281859
463 886537872
462 364770983
7 66957524
466 211306627
466 263883499
466 631921603
466 208188310
467 663939800
478 617635518
468 501602634
477 471844281
477 367472256
478 367805558
478 568201235
478 970970967
478 790359070
478 526075798
478 676092908
478 726212671
477 500093770
478 532919378
478 723997968
478 61548084
478 424398931
478 123771678
479 820499159
479 25376702
480 125805470
481 497067367
486 866912489
487 472555120
487 630537425
488 628471740
488 816401977
